  ArmEnemy.cpp
C:\Users\hamar\Desktop\DxLib_h\DxLib.h(3344,1): warning C4819: ファイルは、現在のコード ページ (932) で表示できない文字を含んでいます。データの損失を防ぐために、ファイルを Unicode 形式で保存してください。
C:\Users\hamar\Desktop\GiantHunt\ArmEnemyIdle.h(14): warning C4305: '引数': 'double' から 'float' へ切り詰めます。
  ArmEnemyAttackRock.cpp
C:\Users\hamar\Desktop\DxLib_h\DxLib.h(3344,1): warning C4819: ファイルは、現在のコード ページ (932) で表示できない文字を含んでいます。データの損失を防ぐために、ファイルを Unicode 形式で保存してください。
  ArmEnemyFallDown.cpp
C:\Users\hamar\Desktop\DxLib_h\DxLib.h(3344,1): warning C4819: ファイルは、現在のコード ページ (932) で表示できない文字を含んでいます。データの損失を防ぐために、ファイルを Unicode 形式で保存してください。
  ArmEnemyHandUp.cpp
C:\Users\hamar\Desktop\DxLib_h\DxLib.h(3344,1): warning C4819: ファイルは、現在のコード ページ (932) で表示できない文字を含んでいます。データの損失を防ぐために、ファイルを Unicode 形式で保存してください。
  ArmEnemyIdle.cpp
C:\Users\hamar\Desktop\DxLib_h\DxLib.h(3344,1): warning C4819: ファイルは、現在のコード ページ (932) で表示できない文字を含んでいます。データの損失を防ぐために、ファイルを Unicode 形式で保存してください。
C:\Users\hamar\Desktop\GiantHunt\ArmEnemyIdle.h(14): warning C4305: '引数': 'double' から 'float' へ切り詰めます。
C:\Users\hamar\Desktop\GiantHunt\ArmEnemyIdle.cpp(68,21): warning C4305: '+=': 'double' から 'float' へ切り詰めます。
C:\Users\hamar\Desktop\GiantHunt\ArmEnemyIdle.cpp(72,21): warning C4305: '-=': 'double' から 'float' へ切り詰めます。
  ArmEnemyMoveBase.cpp
C:\Users\hamar\Desktop\DxLib_h\DxLib.h(3344,1): warning C4819: ファイルは、現在のコード ページ (932) で表示できない文字を含んでいます。データの損失を防ぐために、ファイルを Unicode 形式で保存してください。
  ArmEnemyDropRock.cpp
C:\Users\hamar\Desktop\DxLib_h\DxLib.h(3344,1): warning C4819: ファイルは、現在のコード ページ (932) で表示できない文字を含んでいます。データの損失を防ぐために、ファイルを Unicode 形式で保存してください。
C:\Users\hamar\Desktop\GiantHunt\ArmEnemyDropRock.cpp(54,19): warning C4305: '+=': 'double' から 'float' へ切り詰めます。
C:\Users\hamar\Desktop\GiantHunt\ArmEnemyDropRock.cpp(55,19): warning C4305: '+=': 'double' から 'float' へ切り詰めます。
C:\Users\hamar\Desktop\GiantHunt\ArmEnemyDropRock.cpp(97,21): warning C4305: '+=': 'double' から 'float' へ切り詰めます。
  ArmEnemyStage.cpp
C:\Users\hamar\Desktop\DxLib_h\DxLib.h(3344,1): warning C4819: ファイルは、現在のコード ページ (932) で表示できない文字を含んでいます。データの損失を防ぐために、ファイルを Unicode 形式で保存してください。
  ArmEnemyStartScene.cpp
C:\Users\hamar\Desktop\DxLib_h\DxLib.h(3344,1): warning C4819: ファイルは、現在のコード ページ (932) で表示できない文字を含んでいます。データの損失を防ぐために、ファイルを Unicode 形式で保存してください。
C:\Users\hamar\Desktop\Effekseer_h\DxLib.h(3344,1): warning C4819: ファイルは、現在のコード ページ (932) で表示できない文字を含んでいます。データの損失を防ぐために、ファイルを Unicode 形式で保存してください。
  ArmEnemySwing.cpp
C:\Users\hamar\Desktop\DxLib_h\DxLib.h(3344,1): warning C4819: ファイルは、現在のコード ページ (932) で表示できない文字を含んでいます。データの損失を防ぐために、ファイルを Unicode 形式で保存してください。
C:\Users\hamar\Desktop\GiantHunt\ArmEnemySwing.cpp(47,20): warning C4305: '+=': 'double' から 'float' へ切り詰めます。
  BGM.cpp
C:\Users\hamar\Desktop\DxLib_h\DxLib.h(3344,1): warning C4819: ファイルは、現在のコード ページ (932) で表示できない文字を含んでいます。データの損失を防ぐために、ファイルを Unicode 形式で保存してください。
  Calculation.cpp
C:\Users\hamar\Desktop\DxLib_h\DxLib.h(3344,1): warning C4819: ファイルは、現在のコード ページ (932) で表示できない文字を含んでいます。データの損失を防ぐために、ファイルを Unicode 形式で保存してください。
C:\Users\hamar\Desktop\GiantHunt\Calculation.cpp(42,36): warning C4244: '引数': 'double' から 'float' への変換です。データが失われる可能性があります。
C:\Users\hamar\Desktop\GiantHunt\Calculation.cpp(44,27): warning C4244: '引数': 'double' から 'float' への変換です。データが失われる可能性があります。
C:\Users\hamar\Desktop\GiantHunt\Calculation.cpp(46,27): warning C4244: '引数': 'double' から 'float' への変換です。データが失われる可能性があります。
C:\Users\hamar\Desktop\GiantHunt\Calculation.cpp(62,14): warning C4244: '初期化中': 'double' から 'float' への変換です。データが失われる可能性があります。
  Camera.cpp
C:\Users\hamar\Desktop\DxLib_h\DxLib.h(3344,1): warning C4819: ファイルは、現在のコード ページ (932) で表示できない文字を含んでいます。データの損失を防ぐために、ファイルを Unicode 形式で保存してください。
C:\Users\hamar\Desktop\GiantHunt\Camera.cpp(136,79): warning C4305: '引数': 'double' から 'float' へ切り詰めます。
C:\Users\hamar\Desktop\GiantHunt\Camera.cpp(147,24): warning C4244: '+=': 'double' から 'float' への変換です。データが失われる可能性があります。
C:\Users\hamar\Desktop\GiantHunt\Camera.cpp(149,24): warning C4244: '+=': 'double' から 'float' への変換です。データが失われる可能性があります。
  Enemy2.cpp
C:\Users\hamar\Desktop\DxLib_h\DxLib.h(3344,1): warning C4819: ファイルは、現在のコード ページ (932) で表示できない文字を含んでいます。データの損失を防ぐために、ファイルを Unicode 形式で保存してください。
  Enemy2MoveBase.cpp
C:\Users\hamar\Desktop\DxLib_h\DxLib.h(3344,1): warning C4819: ファイルは、現在のコード ページ (932) で表示できない文字を含んでいます。データの損失を防ぐために、ファイルを Unicode 形式で保存してください。
  Enemy2StartScene.cpp
C:\Users\hamar\Desktop\DxLib_h\DxLib.h(3344,1): warning C4819: ファイルは、現在のコード ページ (932) で表示できない文字を含んでいます。データの損失を防ぐために、ファイルを Unicode 形式で保存してください。
  PlayerFalling.cpp
C:\Users\hamar\Desktop\DxLib_h\DxLib.h(3344,1): warning C4819: ファイルは、現在のコード ページ (932) で表示できない文字を含んでいます。データの損失を防ぐために、ファイルを Unicode 形式で保存してください。
  PlayerIdle.cpp
C:\Users\hamar\Desktop\DxLib_h\DxLib.h(3344,1): warning C4819: ファイルは、現在のコード ページ (932) で表示できない文字を含んでいます。データの損失を防ぐために、ファイルを Unicode 形式で保存してください。
  Rock.cpp
C:\Users\hamar\Desktop\DxLib_h\DxLib.h(3344,1): warning C4819: ファイルは、現在のコード ページ (932) で表示できない文字を含んでいます。データの損失を防ぐために、ファイルを Unicode 形式で保存してください。
  TutorialScene.cpp
C:\Users\hamar\Desktop\DxLib_h\DxLib.h(3344,1): warning C4819: ファイルは、現在のコード ページ (932) で表示できない文字を含んでいます。データの損失を防ぐために、ファイルを Unicode 形式で保存してください。
  コンパイル中...
  CollisionManager.cpp
C:\Users\hamar\Desktop\DxLib_h\DxLib.h(3344,1): warning C4819: ファイルは、現在のコード ページ (932) で表示できない文字を含んでいます。データの損失を防ぐために、ファイルを Unicode 形式で保存してください。
  Effect.cpp
C:\Users\hamar\Desktop\DxLib_h\DxLib.h(3344,1): warning C4819: ファイルは、現在のコード ページ (932) で表示できない文字を含んでいます。データの損失を防ぐために、ファイルを Unicode 形式で保存してください。
C:\Users\hamar\Desktop\Effekseer_h\DxLib.h(3344,1): warning C4819: ファイルは、現在のコード ページ (932) で表示できない文字を含んでいます。データの損失を防ぐために、ファイルを Unicode 形式で保存してください。
  EnemyBase.cpp
C:\Users\hamar\Desktop\DxLib_h\DxLib.h(3344,1): warning C4819: ファイルは、現在のコード ページ (932) で表示できない文字を含んでいます。データの損失を防ぐために、ファイルを Unicode 形式で保存してください。
  EnemyParts.cpp
C:\Users\hamar\Desktop\DxLib_h\DxLib.h(3344,1): warning C4819: ファイルは、現在のコード ページ (932) で表示できない文字を含んでいます。データの損失を防ぐために、ファイルを Unicode 形式で保存してください。
  FPS.cpp
C:\Users\hamar\Desktop\DxLib_h\DxLib.h(3344,1): warning C4819: ファイルは、現在のコード ページ (932) で表示できない文字を含んでいます。データの損失を防ぐために、ファイルを Unicode 形式で保存してください。
C:\Users\hamar\Desktop\GiantHunt\FPS.cpp(43,15): warning C4244: '初期化中': 'float' から 'int' への変換です。データが失われる可能性があります。
  GameClearScene.cpp
C:\Users\hamar\Desktop\DxLib_h\DxLib.h(3344,1): warning C4819: ファイルは、現在のコード ページ (932) で表示できない文字を含んでいます。データの損失を防ぐために、ファイルを Unicode 形式で保存してください。
C:\Users\hamar\Desktop\Effekseer_h\DxLib.h(3344,1): warning C4819: ファイルは、現在のコード ページ (932) で表示できない文字を含んでいます。データの損失を防ぐために、ファイルを Unicode 形式で保存してください。
  GameManager.cpp
C:\Users\hamar\Desktop\DxLib_h\DxLib.h(3344,1): warning C4819: ファイルは、現在のコード ページ (932) で表示できない文字を含んでいます。データの損失を防ぐために、ファイルを Unicode 形式で保存してください。
  GameOverScene.cpp
C:\Users\hamar\Desktop\DxLib_h\DxLib.h(3344,1): warning C4819: ファイルは、現在のコード ページ (932) で表示できない文字を含んでいます。データの損失を防ぐために、ファイルを Unicode 形式で保存してください。
C:\Users\hamar\Desktop\Effekseer_h\DxLib.h(3344,1): warning C4819: ファイルは、現在のコード ページ (932) で表示できない文字を含んでいます。データの損失を防ぐために、ファイルを Unicode 形式で保存してください。
  GameScene.cpp
C:\Users\hamar\Desktop\DxLib_h\DxLib.h(3344,1): warning C4819: ファイルは、現在のコード ページ (932) で表示できない文字を含んでいます。データの損失を防ぐために、ファイルを Unicode 形式で保存してください。
C:\Users\hamar\Desktop\Effekseer_h\DxLib.h(3344,1): warning C4819: ファイルは、現在のコード ページ (932) で表示できない文字を含んでいます。データの損失を防ぐために、ファイルを Unicode 形式で保存してください。
  GameUI.cpp
C:\Users\hamar\Desktop\DxLib_h\DxLib.h(3344,1): warning C4819: ファイルは、現在のコード ページ (932) で表示できない文字を含んでいます。データの損失を防ぐために、ファイルを Unicode 形式で保存してください。
C:\Users\hamar\Desktop\GiantHunt\GameUI.cpp(7,18): warning C4244: '=': 'int' から 'float' への変換です。データが失われる可能性があります。
C:\Users\hamar\Desktop\GiantHunt\GameUI.cpp(8,19): warning C4244: '=': 'int' から 'float' への変換です。データが失われる可能性があります。
C:\Users\hamar\Desktop\GiantHunt\GameUI.cpp(9,21): warning C4244: '=': 'int' から 'float' への変換です。データが失われる可能性があります。
C:\Users\hamar\Desktop\GiantHunt\GameUI.cpp(12,17): warning C4244: '=': 'int' から 'float' への変換です。データが失われる可能性があります。
C:\Users\hamar\Desktop\GiantHunt\GameUI.cpp(13,18): warning C4244: '=': 'int' から 'float' への変換です。データが失われる可能性があります。
C:\Users\hamar\Desktop\GiantHunt\GameUI.cpp(14,20): warning C4244: '=': 'int' から 'float' への変換です。データが失われる可能性があります。
C:\Users\hamar\Desktop\GiantHunt\GameUI.cpp(18,16): warning C4244: '=': 'int' から 'float' への変換です。データが失われる可能性があります。
C:\Users\hamar\Desktop\GiantHunt\GameUI.cpp(19,17): warning C4244: '=': 'int' から 'float' への変換です。データが失われる可能性があります。
C:\Users\hamar\Desktop\GiantHunt\GameUI.cpp(51,18): warning C4244: '=': 'int' から 'float' への変換です。データが失われる可能性があります。
C:\Users\hamar\Desktop\GiantHunt\GameUI.cpp(52,19): warning C4244: '=': 'int' から 'float' への変換です。データが失われる可能性があります。
C:\Users\hamar\Desktop\GiantHunt\GameUI.cpp(53,21): warning C4244: '=': 'int' から 'float' への変換です。データが失われる可能性があります。
C:\Users\hamar\Desktop\GiantHunt\GameUI.cpp(127,16): warning C4244: '=': 'int' から 'float' への変換です。データが失われる可能性があります。
C:\Users\hamar\Desktop\GiantHunt\GameUI.cpp(128,17): warning C4244: '=': 'int' から 'float' への変換です。データが失われる可能性があります。
C:\Users\hamar\Desktop\GiantHunt\GameUI.cpp(137,21): warning C4244: '引数': 'float' から 'int' への変換です。データが失われる可能性があります。
C:\Users\hamar\Desktop\GiantHunt\GameUI.cpp(138,21): warning C4244: '引数': 'float' から 'int' への変換です。データが失われる可能性があります。
C:\Users\hamar\Desktop\GiantHunt\GameUI.cpp(140,26): warning C4244: '引数': 'float' から 'int' への変換です。データが失われる可能性があります。
C:\Users\hamar\Desktop\GiantHunt\GameUI.cpp(141,26): warning C4244: '引数': 'float' から 'int' への変換です。データが失われる可能性があります。
C:\Users\hamar\Desktop\GiantHunt\GameUI.cpp(143,39): warning C4244: '引数': 'float' から 'int' への変換です。データが失われる可能性があります。
C:\Users\hamar\Desktop\GiantHunt\GameUI.cpp(144,39): warning C4244: '引数': 'float' から 'int' への変換です。データが失われる可能性があります。
C:\Users\hamar\Desktop\GiantHunt\GameUI.cpp(147,40): warning C4244: '引数': 'float' から 'int' への変換です。データが失われる可能性があります。
  Input.cpp
C:\Users\hamar\Desktop\DxLib_h\DxLib.h(3344,1): warning C4819: ファイルは、現在のコード ページ (932) で表示できない文字を含んでいます。データの損失を防ぐために、ファイルを Unicode 形式で保存してください。
  Loader.cpp
C:\Users\hamar\Desktop\DxLib_h\DxLib.h(3344,1): warning C4819: ファイルは、現在のコード ページ (932) で表示できない文字を含んでいます。データの損失を防ぐために、ファイルを Unicode 形式で保存してください。
C:\Users\hamar\Desktop\Effekseer_h\DxLib.h(3344,1): warning C4819: ファイルは、現在のコード ページ (932) で表示できない文字を含んでいます。データの損失を防ぐために、ファイルを Unicode 形式で保存してください。
  Main.cpp
C:\Users\hamar\Desktop\DxLib_h\DxLib.h(3344,1): warning C4819: ファイルは、現在のコード ページ (932) で表示できない文字を含んでいます。データの損失を防ぐために、ファイルを Unicode 形式で保存してください。
C:\Users\hamar\Desktop\Effekseer_h\DxLib.h(3344,1): warning C4819: ファイルは、現在のコード ページ (932) で表示できない文字を含んでいます。データの損失を防ぐために、ファイルを Unicode 形式で保存してください。
  Player.cpp
C:\Users\hamar\Desktop\DxLib_h\DxLib.h(3344,1): warning C4819: ファイルは、現在のコード ページ (932) で表示できない文字を含んでいます。データの損失を防ぐために、ファイルを Unicode 形式で保存してください。
C:\Users\hamar\Desktop\GiantHunt\PlayerClimb.h(17): warning C4305: '初期化中': 'double' から 'const float' へ切り詰めます。
C:\Users\hamar\Desktop\GiantHunt\Player.cpp(510,32): warning C4244: '-=': 'double' から 'float' への変換です。データが失われる可能性があります。
C:\Users\hamar\Desktop\GiantHunt\Player.cpp(511,33): warning C4244: '-=': 'double' から 'float' への変換です。データが失われる可能性があります。
  PlayerClimb.cpp
C:\Users\hamar\Desktop\DxLib_h\DxLib.h(3344,1): warning C4819: ファイルは、現在のコード ページ (932) で表示できない文字を含んでいます。データの損失を防ぐために、ファイルを Unicode 形式で保存してください。
C:\Users\hamar\Desktop\GiantHunt\PlayerClimb.h(17): warning C4305: '初期化中': 'double' から 'const float' へ切り詰めます。
C:\Users\hamar\Desktop\GiantHunt\PlayerClimb.cpp(83,15): warning C4244: '初期化中': 'int' から 'float' への変換です。データが失われる可能性があります。
C:\Users\hamar\Desktop\GiantHunt\PlayerClimb.cpp(84,15): warning C4244: '初期化中': 'int' から 'float' への変換です。データが失われる可能性があります。
  PlayerFallDown.cpp
C:\Users\hamar\Desktop\DxLib_h\DxLib.h(3344,1): warning C4819: ファイルは、現在のコード ページ (932) で表示できない文字を含んでいます。データの損失を防ぐために、ファイルを Unicode 形式で保存してください。
  PlayerJump.cpp
C:\Users\hamar\Desktop\DxLib_h\DxLib.h(3344,1): warning C4819: ファイルは、現在のコード ページ (932) で表示できない文字を含んでいます。データの損失を防ぐために、ファイルを Unicode 形式で保存してください。
  PlayerNormalAttack.cpp
C:\Users\hamar\Desktop\DxLib_h\DxLib.h(3344,1): warning C4819: ファイルは、現在のコード ページ (932) で表示できない文字を含んでいます。データの損失を防ぐために、ファイルを Unicode 形式で保存してください。
C:\Users\hamar\Desktop\GiantHunt\PlayerNormalAttack.cpp(77,54): warning C4305: '引数': 'double' から 'float' へ切り詰めます。
C:\Users\hamar\Desktop\GiantHunt\PlayerNormalAttack.cpp(90,128): warning C4244: '引数': 'double' から 'float' への変換です。データが失われる可能性があります。
C:\Users\hamar\Desktop\GiantHunt\PlayerNormalAttack.cpp(90,81): warning C4244: '引数': 'double' から 'float' への変換です。データが失われる可能性があります。
C:\Users\hamar\Desktop\GiantHunt\PlayerNormalAttack.cpp(91,88): warning C4244: '引数': 'double' から 'float' への変換です。データが失われる可能性があります。
C:\Users\hamar\Desktop\GiantHunt\PlayerNormalAttack.cpp(91,49): warning C4244: '引数': 'double' から 'float' への変換です。データが失われる可能性があります。
  PlayerPiercing.cpp
C:\Users\hamar\Desktop\DxLib_h\DxLib.h(3344,1): warning C4819: ファイルは、現在のコード ページ (932) で表示できない文字を含んでいます。データの損失を防ぐために、ファイルを Unicode 形式で保存してください。
C:\Users\hamar\Desktop\GiantHunt\PlayerPiercing.cpp(108,35): warning C4244: '=': 'float' から 'int' への変換です。データが失われる可能性があります。
  PlayerRun.cpp
C:\Users\hamar\Desktop\DxLib_h\DxLib.h(3344,1): warning C4819: ファイルは、現在のコード ページ (932) で表示できない文字を含んでいます。データの損失を防ぐために、ファイルを Unicode 形式で保存してください。
C:\Users\hamar\Desktop\GiantHunt\PlayerRun.cpp(63,15): warning C4244: '初期化中': 'int' から 'float' への変換です。データが失われる可能性があります。
C:\Users\hamar\Desktop\GiantHunt\PlayerRun.cpp(64,15): warning C4244: '初期化中': 'int' から 'float' への変換です。データが失われる可能性があります。
C:\Users\hamar\Desktop\GiantHunt\PlayerRun.cpp(69,20): warning C4244: '初期化中': 'double' から 'float' への変換です。データが失われる可能性があります。
C:\Users\hamar\Desktop\GiantHunt\PlayerRun.cpp(71,18): warning C4244: '=': 'double' から 'float' への変換です。データが失われる可能性があります。
C:\Users\hamar\Desktop\GiantHunt\PlayerRun.cpp(72,18): warning C4244: '=': 'double' から 'float' への変換です。データが失われる可能性があります。
C:\Users\hamar\Desktop\GiantHunt\PlayerRun.cpp(106,56): warning C4244: '引数': 'double' から 'float' への変換です。データが失われる可能性があります。
C:\Users\hamar\Desktop\GiantHunt\PlayerRun.cpp(107,55): warning C4244: '引数': 'double' から 'float' への変換です。データが失われる可能性があります。
C:\Users\hamar\Desktop\GiantHunt\PlayerRun.cpp(109,15): warning C4244: '初期化中': 'double' から 'float' への変換です。データが失われる可能性があります。
C:\Users\hamar\Desktop\GiantHunt\PlayerRun.cpp(116,26): warning C4244: '=': 'double' から 'float' への変換です。データが失われる可能性があります。
  コンパイル中...
  PlayerSquat.cpp
C:\Users\hamar\Desktop\DxLib_h\DxLib.h(3344,1): warning C4819: ファイルは、現在のコード ページ (932) で表示できない文字を含んでいます。データの損失を防ぐために、ファイルを Unicode 形式で保存してください。
  PlayerStateProcessBase.cpp
C:\Users\hamar\Desktop\DxLib_h\DxLib.h(3344,1): warning C4819: ファイルは、現在のコード ページ (932) で表示できない文字を含んでいます。データの損失を防ぐために、ファイルを Unicode 形式で保存してください。
  RankingScene.cpp
C:\Users\hamar\Desktop\DxLib_h\DxLib.h(3344,1): warning C4819: ファイルは、現在のコード ページ (932) で表示できない文字を含んでいます。データの損失を防ぐために、ファイルを Unicode 形式で保存してください。
  SceneBase.cpp
  SoundEffect.cpp
C:\Users\hamar\Desktop\DxLib_h\DxLib.h(3344,1): warning C4819: ファイルは、現在のコード ページ (932) で表示できない文字を含んでいます。データの損失を防ぐために、ファイルを Unicode 形式で保存してください。
  StageBase.cpp
C:\Users\hamar\Desktop\DxLib_h\DxLib.h(3344,1): warning C4819: ファイルは、現在のコード ページ (932) で表示できない文字を含んでいます。データの損失を防ぐために、ファイルを Unicode 形式で保存してください。
  Time.cpp
C:\Users\hamar\Desktop\DxLib_h\DxLib.h(3344,1): warning C4819: ファイルは、現在のコード ページ (932) で表示できない文字を含んでいます。データの損失を防ぐために、ファイルを Unicode 形式で保存してください。
  TitleScene.cpp
C:\Users\hamar\Desktop\DxLib_h\DxLib.h(3344,1): warning C4819: ファイルは、現在のコード ページ (932) で表示できない文字を含んでいます。データの損失を防ぐために、ファイルを Unicode 形式で保存してください。
C:\Users\hamar\Desktop\GiantHunt\TitleScene.cpp(216,66): warning C4244: '引数': 'float' から 'int' への変換です。データが失われる可能性があります。
C:\Users\hamar\Desktop\GiantHunt\TitleScene.cpp(216,56): warning C4244: '引数': 'float' から 'int' への変換です。データが失われる可能性があります。
C:\Users\hamar\Desktop\GiantHunt\TitleScene.cpp(216,33): warning C4244: '引数': 'float' から 'int' への変換です。データが失われる可能性があります。
  Wall.cpp
C:\Users\hamar\Desktop\DxLib_h\DxLib.h(3344,1): warning C4819: ファイルは、現在のコード ページ (932) で表示できない文字を含んでいます。データの損失を防ぐために、ファイルを Unicode 形式で保存してください。
  Wood.cpp
C:\Users\hamar\Desktop\DxLib_h\DxLib.h(3344,1): warning C4819: ファイルは、現在のコード ページ (932) で表示できない文字を含んでいます。データの損失を防ぐために、ファイルを Unicode 形式で保存してください。
EffekseerForDXLib_vs2019_x64_d.lib(EffekseerForDXLib.obj) : warning LNK4075: /EDITANDCONTINUE は /OPT:ICF の指定によって無視されます。
  コード生成しています。
  Previous IPDB not found, fall back to full compilation.
  All 1645 functions were compiled because no usable IPDB/IOBJ from previous compilation was found.
  コード生成が終了しました。
EffekseerForDXLib_vs2019_x64_d.lib(EffekseerForDXLib.obj) : warning LNK4099: PDB '' が 'EffekseerForDXLib_vs2019_x64_d.lib(EffekseerForDXLib.obj)' で、または '' に見つかりません。デバッグ情報がないものとして、オブジェクトにリンクします。
Effekseer_vs2019_x64_d.lib(Effekseer.Vector3D.obj) : warning LNK4099: PDB '' が 'Effekseer_vs2019_x64_d.lib(Effekseer.Vector3D.obj)' で、または '' に見つかりません。デバッグ情報がないものとして、オブジェクトにリンクします。
Effekseer_vs2019_x64_d.lib(Effekseer.Color.obj) : warning LNK4099: PDB '' が 'Effekseer_vs2019_x64_d.lib(Effekseer.Color.obj)' で、または '' に見つかりません。デバッグ情報がないものとして、オブジェクトにリンクします。
Effekseer_vs2019_x64_d.lib(Effekseer.Matrix44.obj) : warning LNK4099: PDB '' が 'Effekseer_vs2019_x64_d.lib(Effekseer.Matrix44.obj)' で、または '' に見つかりません。デバッグ情報がないものとして、オブジェクトにリンクします。
Effekseer_vs2019_x64_d.lib(Effekseer.Effect.obj) : warning LNK4099: PDB '' が 'Effekseer_vs2019_x64_d.lib(Effekseer.Effect.obj)' で、または '' に見つかりません。デバッグ情報がないものとして、オブジェクトにリンクします。
Effekseer_vs2019_x64_d.lib(Effekseer.Manager.obj) : warning LNK4099: PDB '' が 'Effekseer_vs2019_x64_d.lib(Effekseer.Manager.obj)' で、または '' に見つかりません。デバッグ情報がないものとして、オブジェクトにリンクします。
Effekseer_vs2019_x64_d.lib(Effekseer.Setting.obj) : warning LNK4099: PDB '' が 'Effekseer_vs2019_x64_d.lib(Effekseer.Setting.obj)' で、または '' に見つかりません。デバッグ情報がないものとして、オブジェクトにリンクします。
Effekseer_vs2019_x64_d.lib(Effekseer.Server.obj) : warning LNK4099: PDB '' が 'Effekseer_vs2019_x64_d.lib(Effekseer.Server.obj)' で、または '' に見つかりません。デバッグ情報がないものとして、オブジェクトにリンクします。
Effekseer_vs2019_x64_d.lib(Effekseer.CurveLoader.obj) : warning LNK4099: PDB '' が 'Effekseer_vs2019_x64_d.lib(Effekseer.CurveLoader.obj)' で、または '' に見つかりません。デバッグ情報がないものとして、オブジェクトにリンクします。
Effekseer_vs2019_x64_d.lib(Effekseer.CustomAllocator.obj) : warning LNK4099: PDB '' が 'Effekseer_vs2019_x64_d.lib(Effekseer.CustomAllocator.obj)' で、または '' に見つかりません。デバッグ情報がないものとして、オブジェクトにリンクします。
Effekseer_vs2019_x64_d.lib(Effekseer.DefaultEffectLoader.obj) : warning LNK4099: PDB '' が 'Effekseer_vs2019_x64_d.lib(Effekseer.DefaultEffectLoader.obj)' で、または '' に見つかりません。デバッグ情報がないものとして、オブジェクトにリンクします。
Effekseer_vs2019_x64_d.lib(Effekseer.InternalScript.obj) : warning LNK4099: PDB '' が 'Effekseer_vs2019_x64_d.lib(Effekseer.InternalScript.obj)' で、または '' に見つかりません。デバッグ情報がないものとして、オブジェクトにリンクします。
Effekseer_vs2019_x64_d.lib(Effekseer.EffectNode.obj) : warning LNK4099: PDB '' が 'Effekseer_vs2019_x64_d.lib(Effekseer.EffectNode.obj)' で、または '' に見つかりません。デバッグ情報がないものとして、オブジェクトにリンクします。
Effekseer_vs2019_x64_d.lib(Effekseer.ResourceManager.obj) : warning LNK4099: PDB '' が 'Effekseer_vs2019_x64_d.lib(Effekseer.ResourceManager.obj)' で、または '' に見つかりません。デバッグ情報がないものとして、オブジェクトにリンクします。
Effekseer_vs2019_x64_d.lib(Utils.obj) : warning LNK4099: PDB '' が 'Effekseer_vs2019_x64_d.lib(Utils.obj)' で、または '' に見つかりません。デバッグ情報がないものとして、オブジェクトにリンクします。
Effekseer_vs2019_x64_d.lib(Mat43f.obj) : warning LNK4099: PDB '' が 'Effekseer_vs2019_x64_d.lib(Mat43f.obj)' で、または '' に見つかりません。デバッグ情報がないものとして、オブジェクトにリンクします。
Effekseer_vs2019_x64_d.lib(Mat44f.obj) : warning LNK4099: PDB '' が 'Effekseer_vs2019_x64_d.lib(Mat44f.obj)' で、または '' に見つかりません。デバッグ情報がないものとして、オブジェクトにリンクします。
Effekseer_vs2019_x64_d.lib(Effekseer.Matrix43.obj) : warning LNK4099: PDB '' が 'Effekseer_vs2019_x64_d.lib(Effekseer.Matrix43.obj)' で、または '' に見つかりません。デバッグ情報がないものとして、オブジェクトにリンクします。
Effekseer_vs2019_x64_d.lib(Effekseer.Random.obj) : warning LNK4099: PDB '' が 'Effekseer_vs2019_x64_d.lib(Effekseer.Random.obj)' で、または '' に見つかりません。デバッグ情報がないものとして、オブジェクトにリンクします。
Effekseer_vs2019_x64_d.lib(Effekseer.InstanceGlobal.obj) : warning LNK4099: PDB '' が 'Effekseer_vs2019_x64_d.lib(Effekseer.InstanceGlobal.obj)' で、または '' に見つかりません。デバッグ情報がないものとして、オブジェクトにリンクします。
Effekseer_vs2019_x64_d.lib(Effekseer.Instance.obj) : warning LNK4099: PDB '' が 'Effekseer_vs2019_x64_d.lib(Effekseer.Instance.obj)' で、または '' に見つかりません。デバッグ情報がないものとして、オブジェクトにリンクします。
Effekseer_vs2019_x64_d.lib(Effekseer.InstanceChunk.obj) : warning LNK4099: PDB '' が 'Effekseer_vs2019_x64_d.lib(Effekseer.InstanceChunk.obj)' で、または '' に見つかりません。デバッグ情報がないものとして、オブジェクトにリンクします。
Effekseer_vs2019_x64_d.lib(Effekseer.WorkerThread.obj) : warning LNK4099: PDB '' が 'Effekseer_vs2019_x64_d.lib(Effekseer.WorkerThread.obj)' で、または '' に見つかりません。デバッグ情報がないものとして、オブジェクトにリンクします。
Effekseer_vs2019_x64_d.lib(Effekseer.InstanceContainer.obj) : warning LNK4099: PDB '' が 'Effekseer_vs2019_x64_d.lib(Effekseer.InstanceContainer.obj)' で、または '' に見つかりません。デバッグ情報がないものとして、オブジェクトにリンクします。
Effekseer_vs2019_x64_d.lib(Effekseer.InstanceGroup.obj) : warning LNK4099: PDB '' が 'Effekseer_vs2019_x64_d.lib(Effekseer.InstanceGroup.obj)' で、または '' に見つかりません。デバッグ情報がないものとして、オブジェクトにリンクします。
Effekseer_vs2019_x64_d.lib(ProceduralModelGenerator.obj) : warning LNK4099: PDB '' が 'Effekseer_vs2019_x64_d.lib(ProceduralModelGenerator.obj)' で、または '' に見つかりません。デバッグ情報がないものとして、オブジェクトにリンクします。
Effekseer_vs2019_x64_d.lib(Effekseer.EfkEfcFactory.obj) : warning LNK4099: PDB '' が 'Effekseer_vs2019_x64_d.lib(Effekseer.EfkEfcFactory.obj)' で、または '' に見つかりません。デバッグ情報がないものとして、オブジェクトにリンクします。
Effekseer_vs2019_x64_d.lib(Effekseer.Socket.obj) : warning LNK4099: PDB '' が 'Effekseer_vs2019_x64_d.lib(Effekseer.Socket.obj)' で、または '' に見つかりません。デバッグ情報がないものとして、オブジェクトにリンクします。
Effekseer_vs2019_x64_d.lib(Effekseer.DefaultFile.obj) : warning LNK4099: PDB '' が 'Effekseer_vs2019_x64_d.lib(Effekseer.DefaultFile.obj)' で、または '' に見つかりません。デバッグ情報がないものとして、オブジェクトにリンクします。
Effekseer_vs2019_x64_d.lib(Effekseer.FCurves.obj) : warning LNK4099: PDB '' が 'Effekseer_vs2019_x64_d.lib(Effekseer.FCurves.obj)' で、または '' に見つかりません。デバッグ情報がないものとして、オブジェクトにリンクします。
Effekseer_vs2019_x64_d.lib(Effekseer.RectF.obj) : warning LNK4099: PDB '' が 'Effekseer_vs2019_x64_d.lib(Effekseer.RectF.obj)' で、または '' に見つかりません。デバッグ情報がないものとして、オブジェクトにリンクします。
Effekseer_vs2019_x64_d.lib(ForceFields.obj) : warning LNK4099: PDB '' が 'Effekseer_vs2019_x64_d.lib(ForceFields.obj)' で、または '' に見つかりません。デバッグ情報がないものとして、オブジェクトにリンクします。
Effekseer_vs2019_x64_d.lib(Effekseer.Parameters.obj) : warning LNK4099: PDB '' が 'Effekseer_vs2019_x64_d.lib(Effekseer.Parameters.obj)' で、または '' に見つかりません。デバッグ情報がないものとして、オブジェクトにリンクします。
Effekseer_vs2019_x64_d.lib(Easing.obj) : warning LNK4099: PDB '' が 'Effekseer_vs2019_x64_d.lib(Easing.obj)' で、または '' に見つかりません。デバッグ情報がないものとして、オブジェクトにリンクします。
Effekseer_vs2019_x64_d.lib(Rotation.obj) : warning LNK4099: PDB '' が 'Effekseer_vs2019_x64_d.lib(Rotation.obj)' で、または '' に見つかりません。デバッグ情報がないものとして、オブジェクトにリンクします。
Effekseer_vs2019_x64_d.lib(Effekseer.EffectNodeModel.obj) : warning LNK4099: PDB '' が 'Effekseer_vs2019_x64_d.lib(Effekseer.EffectNodeModel.obj)' で、または '' に見つかりません。デバッグ情報がないものとして、オブジェクトにリンクします。
Effekseer_vs2019_x64_d.lib(Effekseer.EffectNodeRibbon.obj) : warning LNK4099: PDB '' が 'Effekseer_vs2019_x64_d.lib(Effekseer.EffectNodeRibbon.obj)' で、または '' に見つかりません。デバッグ情報がないものとして、オブジェクトにリンクします。
Effekseer_vs2019_x64_d.lib(Effekseer.EffectNodeRing.obj) : warning LNK4099: PDB '' が 'Effekseer_vs2019_x64_d.lib(Effekseer.EffectNodeRing.obj)' で、または '' に見つかりません。デバッグ情報がないものとして、オブジェクトにリンクします。
Effekseer_vs2019_x64_d.lib(Effekseer.EffectNodeSprite.obj) : warning LNK4099: PDB '' が 'Effekseer_vs2019_x64_d.lib(Effekseer.EffectNodeSprite.obj)' で、または '' に見つかりません。デバッグ情報がないものとして、オブジェクトにリンクします。
Effekseer_vs2019_x64_d.lib(Effekseer.EffectNodeTrack.obj) : warning LNK4099: PDB '' が 'Effekseer_vs2019_x64_d.lib(Effekseer.EffectNodeTrack.obj)' で、または '' に見つかりません。デバッグ情報がないものとして、オブジェクトにリンクします。
Effekseer_vs2019_x64_d.lib(Model.obj) : warning LNK4099: PDB '' が 'Effekseer_vs2019_x64_d.lib(Model.obj)' で、または '' に見つかりません。デバッグ情報がないものとして、オブジェクトにリンクします。
Effekseer_vs2019_x64_d.lib(Effekseer.Vector2D.obj) : warning LNK4099: PDB '' が 'Effekseer_vs2019_x64_d.lib(Effekseer.Vector2D.obj)' で、または '' に見つかりません。デバッグ情報がないものとして、オブジェクトにリンクします。
Effekseer_vs2019_x64_d.lib(CurlNoise.obj) : warning LNK4099: PDB '' が 'Effekseer_vs2019_x64_d.lib(CurlNoise.obj)' で、または '' に見つかりません。デバッグ情報がないものとして、オブジェクトにリンクします。
Effekseer_vs2019_x64_d.lib(SplineGenerator.obj) : warning LNK4099: PDB '' が 'Effekseer_vs2019_x64_d.lib(SplineGenerator.obj)' で、または '' に見つかりません。デバッグ情報がないものとして、オブジェクトにリンクします。
EffekseerRendererDX9_vs2019_x64_d.lib(EffekseerRenderer.Renderer.obj) : warning LNK4099: PDB '' が 'EffekseerRendererDX9_vs2019_x64_d.lib(EffekseerRenderer.Renderer.obj)' で、または '' に見つかりません。デバッグ情報がないものとして、オブジェクトにリンクします。
EffekseerRendererDX9_vs2019_x64_d.lib(TextureLoader.obj) : warning LNK4099: PDB '' が 'EffekseerRendererDX9_vs2019_x64_d.lib(TextureLoader.obj)' で、または '' に見つかりません。デバッグ情報がないものとして、オブジェクトにリンクします。
EffekseerRendererDX9_vs2019_x64_d.lib(EffekseerRendererDX9.Renderer.obj) : warning LNK4099: PDB '' が 'EffekseerRendererDX9_vs2019_x64_d.lib(EffekseerRendererDX9.Renderer.obj)' で、または '' に見つかりません。デバッグ情報がないものとして、オブジェクトにリンクします。
EffekseerRendererDX9_vs2019_x64_d.lib(EffekseerRenderer.Renderer_Impl.obj) : warning LNK4099: PDB '' が 'EffekseerRendererDX9_vs2019_x64_d.lib(EffekseerRenderer.Renderer_Impl.obj)' で、または '' に見つかりません。デバッグ情報がないものとして、オブジェクトにリンクします。
EffekseerRendererDX9_vs2019_x64_d.lib(ModelLoader.obj) : warning LNK4099: PDB '' が 'EffekseerRendererDX9_vs2019_x64_d.lib(ModelLoader.obj)' で、または '' に見つかりません。デバッグ情報がないものとして、オブジェクトにリンクします。
EffekseerRendererDX9_vs2019_x64_d.lib(EffekseerRenderer.DDSTextureLoader.obj) : warning LNK4099: PDB '' が 'EffekseerRendererDX9_vs2019_x64_d.lib(EffekseerRenderer.DDSTextureLoader.obj)' で、または '' に見つかりません。デバッグ情報がないものとして、オブジェクトにリンクします。
EffekseerRendererDX9_vs2019_x64_d.lib(EffekseerRenderer.PngTextureLoader.obj) : warning LNK4099: PDB '' が 'EffekseerRendererDX9_vs2019_x64_d.lib(EffekseerRenderer.PngTextureLoader.obj)' で、または '' に見つかりません。デバッグ情報がないものとして、オブジェクトにリンクします。
EffekseerRendererDX9_vs2019_x64_d.lib(EffekseerRenderer.TGATextureLoader.obj) : warning LNK4099: PDB '' が 'EffekseerRendererDX9_vs2019_x64_d.lib(EffekseerRenderer.TGATextureLoader.obj)' で、または '' に見つかりません。デバッグ情報がないものとして、オブジェクトにリンクします。
EffekseerRendererDX9_vs2019_x64_d.lib(EffekseerRenderer.RenderStateBase.obj) : warning LNK4099: PDB '' が 'EffekseerRendererDX9_vs2019_x64_d.lib(EffekseerRenderer.RenderStateBase.obj)' で、または '' に見つかりません。デバッグ情報がないものとして、オブジェクトにリンクします。
EffekseerRendererDX9_vs2019_x64_d.lib(EffekseerRendererDX9.RenderState.obj) : warning LNK4099: PDB '' が 'EffekseerRendererDX9_vs2019_x64_d.lib(EffekseerRendererDX9.RenderState.obj)' で、または '' に見つかりません。デバッグ情報がないものとして、オブジェクトにリンクします。
EffekseerRendererDX9_vs2019_x64_d.lib(EffekseerRenderer.CommonUtils.obj) : warning LNK4099: PDB '' が 'EffekseerRendererDX9_vs2019_x64_d.lib(EffekseerRenderer.CommonUtils.obj)' で、または '' に見つかりません。デバッグ情報がないものとして、オブジェクトにリンクします。
EffekseerRendererDX9_vs2019_x64_d.lib(GraphicsDevice.obj) : warning LNK4099: PDB '' が 'EffekseerRendererDX9_vs2019_x64_d.lib(GraphicsDevice.obj)' で、または '' に見つかりません。デバッグ情報がないものとして、オブジェクトにリンクします。
EffekseerRendererDX9_vs2019_x64_d.lib(EffekseerRenderer.IndexBufferBase.obj) : warning LNK4099: PDB '' が 'EffekseerRendererDX9_vs2019_x64_d.lib(EffekseerRenderer.IndexBufferBase.obj)' で、または '' に見つかりません。デバッグ情報がないものとして、オブジェクトにリンクします。
EffekseerRendererDX9_vs2019_x64_d.lib(EffekseerRendererDX9.IndexBuffer.obj) : warning LNK4099: PDB '' が 'EffekseerRendererDX9_vs2019_x64_d.lib(EffekseerRendererDX9.IndexBuffer.obj)' で、または '' に見つかりません。デバッグ情報がないものとして、オブジェクトにリンクします。
EffekseerRendererDX9_vs2019_x64_d.lib(EffekseerRendererDX9.MaterialLoader.obj) : warning LNK4099: PDB '' が 'EffekseerRendererDX9_vs2019_x64_d.lib(EffekseerRendererDX9.MaterialLoader.obj)' で、または '' に見つかりません。デバッグ情報がないものとして、オブジェクトにリンクします。
EffekseerRendererDX9_vs2019_x64_d.lib(EffekseerRendererDX9.ModelRenderer.obj) : warning LNK4099: PDB '' が 'EffekseerRendererDX9_vs2019_x64_d.lib(EffekseerRendererDX9.ModelRenderer.obj)' で、または '' に見つかりません。デバッグ情報がないものとして、オブジェクトにリンクします。
EffekseerRendererDX9_vs2019_x64_d.lib(EffekseerRendererDX9.Shader.obj) : warning LNK4099: PDB '' が 'EffekseerRendererDX9_vs2019_x64_d.lib(EffekseerRendererDX9.Shader.obj)' で、または '' に見つかりません。デバッグ情報がないものとして、オブジェクトにリンクします。
EffekseerRendererDX9_vs2019_x64_d.lib(EffekseerRendererDX9.VertexBuffer.obj) : warning LNK4099: PDB '' が 'EffekseerRendererDX9_vs2019_x64_d.lib(EffekseerRendererDX9.VertexBuffer.obj)' で、または '' に見つかりません。デバッグ情報がないものとして、オブジェクトにリンクします。
EffekseerRendererDX9_vs2019_x64_d.lib(EffekseerRendererDX9.DeviceObject.obj) : warning LNK4099: PDB '' が 'EffekseerRendererDX9_vs2019_x64_d.lib(EffekseerRendererDX9.DeviceObject.obj)' で、または '' に見つかりません。デバッグ情報がないものとして、オブジェクトにリンクします。
EffekseerRendererDX9_vs2019_x64_d.lib(EffekseerMaterialCompilerDX9.obj) : warning LNK4099: PDB '' が 'EffekseerRendererDX9_vs2019_x64_d.lib(EffekseerMaterialCompilerDX9.obj)' で、または '' に見つかりません。デバッグ情報がないものとして、オブジェクトにリンクします。
EffekseerRendererDX9_vs2019_x64_d.lib(EffekseerRenderer.VertexBufferBase.obj) : warning LNK4099: PDB '' が 'EffekseerRendererDX9_vs2019_x64_d.lib(EffekseerRenderer.VertexBufferBase.obj)' で、または '' に見つかりません。デバッグ情報がないものとして、オブジェクトにリンクします。
EffekseerRendererDX9_vs2019_x64_d.lib(ShaderGenerator.obj) : warning LNK4099: PDB '' が 'EffekseerRendererDX9_vs2019_x64_d.lib(ShaderGenerator.obj)' で、または '' に見つかりません。デバッグ情報がないものとして、オブジェクトにリンクします。
EffekseerRendererDX9_vs2019_x64_d.lib(ShaderGeneratorCommon.obj) : warning LNK4099: PDB '' が 'EffekseerRendererDX9_vs2019_x64_d.lib(ShaderGeneratorCommon.obj)' で、または '' に見つかりません。デバッグ情報がないものとして、オブジェクトにリンクします。
EffekseerRendererDX11_vs2019_x64_d.lib(EffekseerRendererDX11.Renderer.obj) : warning LNK4099: PDB '' が 'EffekseerRendererDX11_vs2019_x64_d.lib(EffekseerRendererDX11.Renderer.obj)' で、または '' に見つかりません。デバッグ情報がないものとして、オブジェクトにリンクします。
EffekseerRendererDX11_vs2019_x64_d.lib(GraphicsDevice.obj) : warning LNK4099: PDB '' が 'EffekseerRendererDX11_vs2019_x64_d.lib(GraphicsDevice.obj)' で、または '' に見つかりません。デバッグ情報がないものとして、オブジェクトにリンクします。
EffekseerRendererDX11_vs2019_x64_d.lib(EffekseerRendererDX11.RenderState.obj) : warning LNK4099: PDB '' が 'EffekseerRendererDX11_vs2019_x64_d.lib(EffekseerRendererDX11.RenderState.obj)' で、または '' に見つかりません。デバッグ情報がないものとして、オブジェクトにリンクします。
EffekseerRendererDX11_vs2019_x64_d.lib(EffekseerRendererDX11.IndexBuffer.obj) : warning LNK4099: PDB '' が 'EffekseerRendererDX11_vs2019_x64_d.lib(EffekseerRendererDX11.IndexBuffer.obj)' で、または '' に見つかりません。デバッグ情報がないものとして、オブジェクトにリンクします。
EffekseerRendererDX11_vs2019_x64_d.lib(EffekseerRendererDX11.MaterialLoader.obj) : warning LNK4099: PDB '' が 'EffekseerRendererDX11_vs2019_x64_d.lib(EffekseerRendererDX11.MaterialLoader.obj)' で、または '' に見つかりません。デバッグ情報がないものとして、オブジェクトにリンクします。
EffekseerRendererDX11_vs2019_x64_d.lib(EffekseerRendererDX11.ModelRenderer.obj) : warning LNK4099: PDB '' が 'EffekseerRendererDX11_vs2019_x64_d.lib(EffekseerRendererDX11.ModelRenderer.obj)' で、または '' に見つかりません。デバッグ情報がないものとして、オブジェクトにリンクします。
EffekseerRendererDX11_vs2019_x64_d.lib(EffekseerRendererDX11.Shader.obj) : warning LNK4099: PDB '' が 'EffekseerRendererDX11_vs2019_x64_d.lib(EffekseerRendererDX11.Shader.obj)' で、または '' に見つかりません。デバッグ情報がないものとして、オブジェクトにリンクします。
EffekseerRendererDX11_vs2019_x64_d.lib(EffekseerRendererDX11.VertexBuffer.obj) : warning LNK4099: PDB '' が 'EffekseerRendererDX11_vs2019_x64_d.lib(EffekseerRendererDX11.VertexBuffer.obj)' で、または '' に見つかりません。デバッグ情報がないものとして、オブジェクトにリンクします。
EffekseerRendererDX11_vs2019_x64_d.lib(EffekseerRendererDX11.DeviceObject.obj) : warning LNK4099: PDB '' が 'EffekseerRendererDX11_vs2019_x64_d.lib(EffekseerRendererDX11.DeviceObject.obj)' で、または '' に見つかりません。デバッグ情報がないものとして、オブジェクトにリンクします。
EffekseerRendererDX11_vs2019_x64_d.lib(EffekseerMaterialCompilerDX11.obj) : warning LNK4099: PDB '' が 'EffekseerRendererDX11_vs2019_x64_d.lib(EffekseerMaterialCompilerDX11.obj)' で、または '' に見つかりません。デバッグ情報がないものとして、オブジェクトにリンクします。
Effekseer_vs2019_x64_d.lib(ModelLoader.obj) : warning LNK4099: PDB '' が 'Effekseer_vs2019_x64_d.lib(ModelLoader.obj)' で、または '' に見つかりません。デバッグ情報がないものとして、オブジェクトにリンクします。
Effekseer_vs2019_x64_d.lib(Effekseer.MaterialFile.obj) : warning LNK4099: PDB '' が 'Effekseer_vs2019_x64_d.lib(Effekseer.MaterialFile.obj)' で、または '' に見つかりません。デバッグ情報がないものとして、オブジェクトにリンクします。
Effekseer_vs2019_x64_d.lib(Effekseer.CompiledMaterial.obj) : warning LNK4099: PDB '' が 'Effekseer_vs2019_x64_d.lib(Effekseer.CompiledMaterial.obj)' で、または '' に見つかりません。デバッグ情報がないものとして、オブジェクトにリンクします。
  GiantHunt.vcxproj -> C:\Users\hamar\Desktop\GiantHunt\x64\Release\GiantHunt.exe
