c:\users\hamar\desktop\gianthunt\x64\debug\vc143.pdb
c:\users\hamar\desktop\gianthunt\x64\debug\vc143.idb
c:\users\hamar\desktop\gianthunt\x64\debug\main.obj
c:\users\hamar\desktop\gianthunt\x64\debug\input.obj
c:\users\hamar\desktop\gianthunt\x64\debug\loader.obj
c:\users\hamar\desktop\gianthunt\x64\debug\fps.obj
c:\users\hamar\desktop\gianthunt\x64\debug\gamemanager.obj
c:\users\hamar\desktop\gianthunt\x64\debug\scenebase.obj
c:\users\hamar\desktop\gianthunt\x64\debug\gamescene.obj
c:\users\hamar\desktop\gianthunt\x64\debug\stagebase.obj
c:\users\hamar\desktop\gianthunt\x64\debug\camera.obj
c:\users\hamar\desktop\gianthunt\x64\debug\player.obj
c:\users\hamar\desktop\gianthunt\x64\debug\collisionmanager.obj
c:\users\hamar\desktop\gianthunt\x64\debug\armenemystage.obj
c:\users\hamar\desktop\gianthunt\x64\debug\calculation.obj
c:\users\hamar\desktop\gianthunt\x64\debug\playerstateprocessbase.obj
c:\users\hamar\desktop\gianthunt\x64\debug\playerrun.obj
c:\users\hamar\desktop\gianthunt\x64\debug\playerjump.obj
c:\users\hamar\desktop\gianthunt\x64\debug\playernormalattack.obj
c:\users\hamar\desktop\gianthunt\x64\debug\wall.obj
c:\users\hamar\desktop\gianthunt\x64\debug\armenemy.obj
c:\users\hamar\desktop\gianthunt\x64\debug\wood.obj
c:\users\hamar\desktop\gianthunt\x64\debug\playerclimb.obj
c:\users\hamar\desktop\gianthunt\x64\debug\enemycollision.obj
c:\users\hamar\desktop\gianthunt\x64\debug\armenemymowingdown.obj
c:\users\hamar\desktop\gianthunt\x64\debug\armenemymovebase.obj
c:\users\hamar\desktop\gianthunt\x64\debug\armenemyidle.obj
c:\users\hamar\desktop\gianthunt\x64\debug\gameui.obj
c:\users\hamar\desktop\gianthunt\x64\debug\armenemyswing.obj
c:\users\hamar\desktop\gianthunt\x64\debug\enemyparts.obj
c:\users\hamar\desktop\gianthunt\x64\debug\playersquat.obj
c:\users\hamar\desktop\gianthunt\x64\debug\playerpiercing.obj
c:\users\hamar\desktop\gianthunt\x64\debug\gameoverscene.obj
c:\users\hamar\desktop\gianthunt\x64\debug\titlescene.obj
c:\users\hamar\desktop\gianthunt\x64\debug\effect.obj
c:\users\hamar\desktop\gianthunt\x64\debug\soundeffect.obj
c:\users\hamar\desktop\gianthunt\x64\debug\bgm.obj
c:\users\hamar\desktop\gianthunt\x64\debug\enemybase.obj
c:\users\hamar\desktop\gianthunt\x64\debug\armenemystartscene.obj
c:\users\hamar\desktop\gianthunt\x64\debug\playerfalldown.obj
c:\users\hamar\desktop\gianthunt\x64\debug\time.obj
c:\users\hamar\desktop\gianthunt\x64\debug\rankingscene.obj
c:\users\hamar\desktop\gianthunt\x64\debug\armenemyfalldown.obj
c:\users\hamar\desktop\gianthunt\x64\debug\gameclearscene.obj
c:\users\hamar\desktop\gianthunt\x64\debug\gianthunt.exe
c:\users\hamar\desktop\gianthunt\x64\debug\gianthunt.ilk
c:\users\hamar\desktop\gianthunt\x64\debug\gianthunt.pdb
c:\users\hamar\desktop\gianthunt\x64\debug\armenemymove.obj
c:\users\hamar\desktop\gianthunt\x64\debug\gianthunt.tlog\cl.command.1.tlog
c:\users\hamar\desktop\gianthunt\x64\debug\gianthunt.tlog\cl.read.1.tlog
c:\users\hamar\desktop\gianthunt\x64\debug\gianthunt.tlog\cl.write.1.tlog
c:\users\hamar\desktop\gianthunt\x64\debug\gianthunt.tlog\link.command.1.tlog
c:\users\hamar\desktop\gianthunt\x64\debug\gianthunt.tlog\link.read.1.tlog
c:\users\hamar\desktop\gianthunt\x64\debug\gianthunt.tlog\link.write.1.tlog
