  GameUI.cpp
C:\Users\hamar\Desktop\DxLib_h\DxLib.h(3344,1): warning C4819: ファイルは、現在のコード ページ (932) で表示できない文字を含んでいます。データの損失を防ぐために、ファイルを Unicode 形式で保存してください。
C:\Users\hamar\Desktop\GiantHunt\GameUI.cpp(7,18): warning C4244: '=': 'int' から 'float' への変換です。データが失われる可能性があります。
C:\Users\hamar\Desktop\GiantHunt\GameUI.cpp(8,19): warning C4244: '=': 'int' から 'float' への変換です。データが失われる可能性があります。
C:\Users\hamar\Desktop\GiantHunt\GameUI.cpp(9,21): warning C4244: '=': 'int' から 'float' への変換です。データが失われる可能性があります。
C:\Users\hamar\Desktop\GiantHunt\GameUI.cpp(12,17): warning C4244: '=': 'int' から 'float' への変換です。データが失われる可能性があります。
C:\Users\hamar\Desktop\GiantHunt\GameUI.cpp(13,18): warning C4244: '=': 'int' から 'float' への変換です。データが失われる可能性があります。
C:\Users\hamar\Desktop\GiantHunt\GameUI.cpp(14,20): warning C4244: '=': 'int' から 'float' への変換です。データが失われる可能性があります。
C:\Users\hamar\Desktop\GiantHunt\GameUI.cpp(17,16): warning C4244: '=': 'int' から 'float' への変換です。データが失われる可能性があります。
C:\Users\hamar\Desktop\GiantHunt\GameUI.cpp(18,17): warning C4244: '=': 'int' から 'float' への変換です。データが失われる可能性があります。
C:\Users\hamar\Desktop\GiantHunt\GameUI.cpp(50,18): warning C4244: '=': 'int' から 'float' への変換です。データが失われる可能性があります。
C:\Users\hamar\Desktop\GiantHunt\GameUI.cpp(51,19): warning C4244: '=': 'int' から 'float' への変換です。データが失われる可能性があります。
C:\Users\hamar\Desktop\GiantHunt\GameUI.cpp(52,21): warning C4244: '=': 'int' から 'float' への変換です。データが失われる可能性があります。
C:\Users\hamar\Desktop\GiantHunt\GameUI.cpp(118,16): warning C4244: '=': 'int' から 'float' への変換です。データが失われる可能性があります。
C:\Users\hamar\Desktop\GiantHunt\GameUI.cpp(119,17): warning C4244: '=': 'int' から 'float' への変換です。データが失われる可能性があります。
C:\Users\hamar\Desktop\GiantHunt\GameUI.cpp(128,21): warning C4244: '引数': 'float' から 'int' への変換です。データが失われる可能性があります。
C:\Users\hamar\Desktop\GiantHunt\GameUI.cpp(129,21): warning C4244: '引数': 'float' から 'int' への変換です。データが失われる可能性があります。
C:\Users\hamar\Desktop\GiantHunt\GameUI.cpp(131,26): warning C4244: '引数': 'float' から 'int' への変換です。データが失われる可能性があります。
C:\Users\hamar\Desktop\GiantHunt\GameUI.cpp(132,26): warning C4244: '引数': 'float' から 'int' への変換です。データが失われる可能性があります。
C:\Users\hamar\Desktop\GiantHunt\GameUI.cpp(134,39): warning C4244: '引数': 'float' から 'int' への変換です。データが失われる可能性があります。
C:\Users\hamar\Desktop\GiantHunt\GameUI.cpp(135,39): warning C4244: '引数': 'float' から 'int' への変換です。データが失われる可能性があります。
  GiantHunt.vcxproj -> C:\Users\hamar\Desktop\GiantHunt\x64\Debug\GiantHunt.exe
